protocol lang_tools
enum lang_e
    UNDEF = 0
    AB =  1
    AA =  2
    AF =  3
    AK =  4
    SQ =  5
    AM =  6
    AR =  7
    AN =  8
    HY =  9
    AS =  10
    AV =  11
    AZ =  12
    BM =  13
    BA =  14
    BE =  15
    BN =  16
    BH =  17
    BI =  18
    BS =  19
    BR =  20
    BG =  21
    MY =  22
    CA =  23
    CH =  24
    CE =  25
    NY =  26
    ZH =  27
    CV =  28
    KW =  29
    CO =  30
    CR =  31
    HR =  32
    CS =  33
    DA =  34
    DV =  35
    NL =  36
    DZ =  37
    EN =  38
    ET =  39
    EE =  40
    FO =  41
    FJ =  42
    FI =  43
    FR =  44
    FF =  45
    GL =  46
    KA =  47
    DE =  48
    EL =  49
    GN =  50
    HT =  51
    HZ =  52
    HO =  53
    HU =  54
    ID =  55
    GA =  56
    IG =  57
    IK =  58
    IO =  59
    IS =  60
    IT =  61
    JV =  62
    KL =  63
    KN =  64
    KR =  65
    KK =  66
    KM =  67
    KI =  68
    KY =  69
    KV =  70
    KG =  71
    LB =  72
    LG =  73
    LI =  74
    LN =  75
    LO =  76
    LT =  77
    LUB =  78
    LV =  79
    GV =  80
    MK =  81
    MG =  82
    ML =  83
    MT =  84
    MI =  85
    MH =  86
    MN =  87
    NA =  88
    NV =  89
    ND =  90
    NE =  91
    NB =  92
    NN =  93
    NO =  94
    II =  95
    NR =  96
    OC =  97
    OJ =  98
    OM =  99
    OR =  100
    OS =  101
    PI =  102
    PL =  103
    PT =  104
    QU =  105
    RM =  106
    RO =  107
    RU =  108
    SC =  109
    SM =  110
    SG =  111
    SR =  112
    GD =  113
    SN =  114
    SI =  115
    SK =  116
    SL =  117
    SO =  118
    ST =  119
    ES =  120
    SU =  121
    SW =  122
    SS =  123
    SV =  124
    TA =  125
    TE =  126
    TH =  127
    TI =  128
    BO =  129
    TK =  130
    TL =  131
    TN =  132
    TO =  133
    TR =  134
    TS =  135
    TY =  136
    UK =  137
    VE =  138
    VI =  139
    WA =  140
    CY =  141
    WO =  142
    FY =  143
    XH =  144
    YO =  145
    ZA =  146
    ZU =  147
enum_end
